{"/home/farm/Documents/node-sandwich-stream/src/sandwich-stream.ts": {"path":"/home/farm/Documents/node-sandwich-stream/src/sandwich-stream.ts","statementMap":{"0":{"start":{"line":1,"column":0},"end":{"line":1,"column":50}},"1":{"start":{"line":39,"column":39},"end":{"line":39,"column":72}},"2":{"start":{"line":39,"column":41},"end":{"line":39,"column":53}},"3":{"start":{"line":40,"column":8},"end":{"line":40,"column":25}},"4":{"start":{"line":17,"column":12},"end":{"line":17,"column":34}},"5":{"start":{"line":18,"column":12},"end":{"line":18,"column":38}},"6":{"start":{"line":22,"column":12},"end":{"line":22,"column":50}},"7":{"start":{"line":42,"column":8},"end":{"line":42,"column":72}},"8":{"start":{"line":43,"column":8},"end":{"line":43,"column":72}},"9":{"start":{"line":44,"column":8},"end":{"line":44,"column":92}},"10":{"start":{"line":58,"column":8},"end":{"line":63,"column":9}},"11":{"start":{"line":59,"column":12},"end":{"line":59,"column":41}},"12":{"start":{"line":60,"column":12},"end":{"line":60,"column":68}},"13":{"start":{"line":62,"column":12},"end":{"line":62,"column":86}},"14":{"start":{"line":71,"column":8},"end":{"line":75,"column":9}},"15":{"start":{"line":72,"column":12},"end":{"line":72,"column":38}},"16":{"start":{"line":73,"column":12},"end":{"line":73,"column":28}},"17":{"start":{"line":74,"column":12},"end":{"line":74,"column":36}},"18":{"start":{"line":84,"column":8},"end":{"line":84,"column":32}},"19":{"start":{"line":91,"column":8},"end":{"line":96,"column":9}},"20":{"start":{"line":92,"column":12},"end":{"line":92,"column":43}},"21":{"start":{"line":94,"column":12},"end":{"line":94,"column":28}},"22":{"start":{"line":95,"column":12},"end":{"line":95,"column":28}},"23":{"start":{"line":103,"column":20},"end":{"line":103,"column":40}},"24":{"start":{"line":104,"column":8},"end":{"line":104,"column":62}},"25":{"start":{"line":106,"column":8},"end":{"line":106,"column":43}},"26":{"start":{"line":114,"column":20},"end":{"line":114,"column":96}},"27":{"start":{"line":115,"column":20},"end":{"line":115,"column":86}},"28":{"start":{"line":122,"column":32},"end":{"line":122,"column":58}},"29":{"start":{"line":123,"column":21},"end":{"line":123,"column":67}},"30":{"start":{"line":125,"column":8},"end":{"line":125,"column":24}},"31":{"start":{"line":132,"column":8},"end":{"line":132,"column":29}},"32":{"start":{"line":133,"column":8},"end":{"line":133,"column":32}},"33":{"start":{"line":139,"column":8},"end":{"line":141,"column":9}},"34":{"start":{"line":140,"column":12},"end":{"line":140,"column":33}},"35":{"start":{"line":148,"column":8},"end":{"line":150,"column":9}},"36":{"start":{"line":149,"column":12},"end":{"line":149,"column":38}},"37":{"start":{"line":157,"column":8},"end":{"line":159,"column":9}},"38":{"start":{"line":158,"column":12},"end":{"line":158,"column":33}},"39":{"start":{"line":16,"column":0},"end":{"line":161,"column":1}},"40":{"start":{"line":163,"column":0},"end":{"line":163,"column":30}}},"fnMap":{"0":{"name":"(anonymous_1)","decl":{"start":{"line":39,"column":4},"end":{"line":39,"column":15}},"loc":{"start":{"line":39,"column":72},"end":{"line":45,"column":5}}},"1":{"name":"(anonymous_2)","decl":{"start":{"line":57,"column":11},"end":{"line":57,"column":13}},"loc":{"start":{"line":57,"column":34},"end":{"line":64,"column":5}}},"2":{"name":"(anonymous_3)","decl":{"start":{"line":70,"column":11},"end":{"line":70,"column":14}},"loc":{"start":{"line":70,"column":15},"end":{"line":76,"column":5}}},"3":{"name":"(anonymous_4)","decl":{"start":{"line":83,"column":12},"end":{"line":83,"column":27}},"loc":{"start":{"line":83,"column":39},"end":{"line":85,"column":5}}},"4":{"name":"(anonymous_5)","decl":{"start":{"line":90,"column":12},"end":{"line":90,"column":27}},"loc":{"start":{"line":90,"column":28},"end":{"line":97,"column":5}}},"5":{"name":"(anonymous_6)","decl":{"start":{"line":102,"column":12},"end":{"line":102,"column":21}},"loc":{"start":{"line":102,"column":22},"end":{"line":107,"column":5}}},"6":{"name":"(anonymous_7)","decl":{"start":{"line":113,"column":12},"end":{"line":113,"column":34}},"loc":{"start":{"line":113,"column":35},"end":{"line":116,"column":5}}},"7":{"name":"(anonymous_8)","decl":{"start":{"line":121,"column":12},"end":{"line":121,"column":34}},"loc":{"start":{"line":121,"column":35},"end":{"line":126,"column":5}}},"8":{"name":"(anonymous_9)","decl":{"start":{"line":131,"column":12},"end":{"line":131,"column":29}},"loc":{"start":{"line":131,"column":30},"end":{"line":134,"column":5}}},"9":{"name":"(anonymous_10)","decl":{"start":{"line":138,"column":12},"end":{"line":138,"column":19}},"loc":{"start":{"line":138,"column":20},"end":{"line":142,"column":5}}},"10":{"name":"(anonymous_11)","decl":{"start":{"line":147,"column":12},"end":{"line":147,"column":24}},"loc":{"start":{"line":147,"column":25},"end":{"line":151,"column":5}}},"11":{"name":"(anonymous_12)","decl":{"start":{"line":156,"column":12},"end":{"line":156,"column":19}},"loc":{"start":{"line":156,"column":20},"end":{"line":160,"column":5}}}},"branchMap":{"0":{"loc":{"start":{"line":42,"column":60},"end":{"line":42,"column":64}},"type":"cond-expr","locations":[{"start":{"line":42,"column":60},"end":{"line":42,"column":64}},{"start":{"line":42,"column":67},"end":{"line":42,"column":71}}]},"1":{"loc":{"start":{"line":42,"column":21},"end":{"line":42,"column":34}},"type":"binary-expr","locations":[{"start":{"line":42,"column":21},"end":{"line":42,"column":34}},{"start":{"line":42,"column":38},"end":{"line":42,"column":56}}]},"2":{"loc":{"start":{"line":43,"column":60},"end":{"line":43,"column":64}},"type":"cond-expr","locations":[{"start":{"line":43,"column":60},"end":{"line":43,"column":64}},{"start":{"line":43,"column":67},"end":{"line":43,"column":71}}]},"3":{"loc":{"start":{"line":43,"column":21},"end":{"line":43,"column":34}},"type":"binary-expr","locations":[{"start":{"line":43,"column":21},"end":{"line":43,"column":34}},{"start":{"line":43,"column":38},"end":{"line":43,"column":56}}]},"4":{"loc":{"start":{"line":44,"column":75},"end":{"line":44,"column":84}},"type":"cond-expr","locations":[{"start":{"line":44,"column":75},"end":{"line":44,"column":84}},{"start":{"line":44,"column":87},"end":{"line":44,"column":91}}]},"5":{"loc":{"start":{"line":44,"column":26},"end":{"line":44,"column":44}},"type":"binary-expr","locations":[{"start":{"line":44,"column":26},"end":{"line":44,"column":44}},{"start":{"line":44,"column":48},"end":{"line":44,"column":71}}]},"6":{"loc":{"start":{"line":58,"column":8},"end":{"line":63,"column":9}},"type":"if","locations":[{"start":{"line":58,"column":8},"end":{"line":63,"column":9}},{"start":{"line":58,"column":8},"end":{"line":63,"column":9}}]},"7":{"loc":{"start":{"line":71,"column":8},"end":{"line":75,"column":9}},"type":"if","locations":[{"start":{"line":71,"column":8},"end":{"line":75,"column":9}},{"start":{"line":71,"column":8},"end":{"line":75,"column":9}}]},"8":{"loc":{"start":{"line":91,"column":8},"end":{"line":96,"column":9}},"type":"if","locations":[{"start":{"line":91,"column":8},"end":{"line":96,"column":9}},{"start":{"line":91,"column":8},"end":{"line":96,"column":9}}]},"9":{"loc":{"start":{"line":104,"column":51},"end":{"line":104,"column":54}},"type":"cond-expr","locations":[{"start":{"line":104,"column":51},"end":{"line":104,"column":54}},{"start":{"line":104,"column":57},"end":{"line":104,"column":61}}]},"10":{"loc":{"start":{"line":123,"column":59},"end":{"line":123,"column":62}},"type":"cond-expr","locations":[{"start":{"line":123,"column":59},"end":{"line":123,"column":62}},{"start":{"line":123,"column":65},"end":{"line":123,"column":67}}]},"11":{"loc":{"start":{"line":123,"column":22},"end":{"line":123,"column":39}},"type":"binary-expr","locations":[{"start":{"line":123,"column":22},"end":{"line":123,"column":39}},{"start":{"line":123,"column":43},"end":{"line":123,"column":55}}]},"12":{"loc":{"start":{"line":139,"column":8},"end":{"line":141,"column":9}},"type":"if","locations":[{"start":{"line":139,"column":8},"end":{"line":141,"column":9}},{"start":{"line":139,"column":8},"end":{"line":141,"column":9}}]},"13":{"loc":{"start":{"line":148,"column":8},"end":{"line":150,"column":9}},"type":"if","locations":[{"start":{"line":148,"column":8},"end":{"line":150,"column":9}},{"start":{"line":148,"column":8},"end":{"line":150,"column":9}}]},"14":{"loc":{"start":{"line":148,"column":12},"end":{"line":148,"column":35}},"type":"binary-expr","locations":[{"start":{"line":148,"column":12},"end":{"line":148,"column":35}},{"start":{"line":148,"column":39},"end":{"line":148,"column":62}}]},"15":{"loc":{"start":{"line":157,"column":8},"end":{"line":159,"column":9}},"type":"if","locations":[{"start":{"line":157,"column":8},"end":{"line":159,"column":9}},{"start":{"line":157,"column":8},"end":{"line":159,"column":9}}]}},"s":{"0":1,"1":1,"2":1,"3":1,"4":1,"5":1,"6":1,"7":1,"8":1,"9":1,"10":0,"11":0,"12":0,"13":0,"14":0,"15":0,"16":0,"17":0,"18":0,"19":0,"20":0,"21":0,"22":0,"23":0,"24":0,"25":0,"26":0,"27":0,"28":0,"29":0,"30":0,"31":0,"32":0,"33":0,"34":0,"35":0,"36":0,"37":0,"38":0,"39":1,"40":1},"f":{"0":1,"1":0,"2":0,"3":0,"4":0,"5":0,"6":0,"7":0,"8":0,"9":0,"10":0,"11":0},"b":{"0":[0,1],"1":[1,1],"2":[0,1],"3":[1,1],"4":[0,1],"5":[1,1],"6":[0,0],"7":[0,0],"8":[0,0],"9":[0,0],"10":[0,0],"11":[0,0],"12":[0,0],"13":[0,0],"14":[0,0],"15":[0,0]}}
}
