{"/home/farm/Documents/node-sandwich-stream/src/sandwich-stream.ts": {"path":"/home/farm/Documents/node-sandwich-stream/src/sandwich-stream.ts","statementMap":{"0":{"start":{"line":1,"column":0},"end":{"line":1,"column":50}},"1":{"start":{"line":39,"column":39},"end":{"line":39,"column":72}},"2":{"start":{"line":39,"column":41},"end":{"line":39,"column":53}},"3":{"start":{"line":40,"column":8},"end":{"line":40,"column":25}},"4":{"start":{"line":17,"column":12},"end":{"line":17,"column":34}},"5":{"start":{"line":18,"column":12},"end":{"line":18,"column":38}},"6":{"start":{"line":22,"column":12},"end":{"line":22,"column":50}},"7":{"start":{"line":42,"column":8},"end":{"line":42,"column":72}},"8":{"start":{"line":43,"column":8},"end":{"line":43,"column":72}},"9":{"start":{"line":44,"column":8},"end":{"line":44,"column":92}},"10":{"start":{"line":58,"column":8},"end":{"line":63,"column":9}},"11":{"start":{"line":59,"column":12},"end":{"line":59,"column":41}},"12":{"start":{"line":60,"column":12},"end":{"line":60,"column":68}},"13":{"start":{"line":62,"column":12},"end":{"line":62,"column":86}},"14":{"start":{"line":65,"column":8},"end":{"line":65,"column":20}},"15":{"start":{"line":73,"column":8},"end":{"line":77,"column":9}},"16":{"start":{"line":74,"column":12},"end":{"line":74,"column":38}},"17":{"start":{"line":75,"column":12},"end":{"line":75,"column":28}},"18":{"start":{"line":76,"column":12},"end":{"line":76,"column":36}},"19":{"start":{"line":79,"column":8},"end":{"line":79,"column":20}},"20":{"start":{"line":88,"column":8},"end":{"line":88,"column":32}},"21":{"start":{"line":90,"column":8},"end":{"line":90,"column":20}},"22":{"start":{"line":97,"column":8},"end":{"line":102,"column":9}},"23":{"start":{"line":98,"column":12},"end":{"line":98,"column":43}},"24":{"start":{"line":100,"column":12},"end":{"line":100,"column":28}},"25":{"start":{"line":101,"column":12},"end":{"line":101,"column":28}},"26":{"start":{"line":104,"column":8},"end":{"line":104,"column":20}},"27":{"start":{"line":111,"column":20},"end":{"line":111,"column":40}},"28":{"start":{"line":112,"column":8},"end":{"line":112,"column":62}},"29":{"start":{"line":114,"column":8},"end":{"line":114,"column":43}},"30":{"start":{"line":122,"column":20},"end":{"line":122,"column":96}},"31":{"start":{"line":123,"column":20},"end":{"line":123,"column":86}},"32":{"start":{"line":125,"column":8},"end":{"line":125,"column":20}},"33":{"start":{"line":132,"column":32},"end":{"line":132,"column":58}},"34":{"start":{"line":133,"column":21},"end":{"line":133,"column":67}},"35":{"start":{"line":135,"column":8},"end":{"line":135,"column":24}},"36":{"start":{"line":137,"column":8},"end":{"line":137,"column":20}},"37":{"start":{"line":144,"column":8},"end":{"line":144,"column":29}},"38":{"start":{"line":145,"column":8},"end":{"line":145,"column":32}},"39":{"start":{"line":147,"column":8},"end":{"line":147,"column":20}},"40":{"start":{"line":153,"column":8},"end":{"line":155,"column":9}},"41":{"start":{"line":154,"column":12},"end":{"line":154,"column":33}},"42":{"start":{"line":157,"column":8},"end":{"line":157,"column":20}},"43":{"start":{"line":164,"column":8},"end":{"line":166,"column":9}},"44":{"start":{"line":165,"column":12},"end":{"line":165,"column":38}},"45":{"start":{"line":168,"column":8},"end":{"line":168,"column":20}},"46":{"start":{"line":175,"column":8},"end":{"line":177,"column":9}},"47":{"start":{"line":176,"column":12},"end":{"line":176,"column":33}},"48":{"start":{"line":179,"column":8},"end":{"line":179,"column":20}},"49":{"start":{"line":16,"column":0},"end":{"line":181,"column":1}},"50":{"start":{"line":183,"column":0},"end":{"line":183,"column":30}}},"fnMap":{"0":{"name":"(anonymous_1)","decl":{"start":{"line":39,"column":4},"end":{"line":39,"column":15}},"loc":{"start":{"line":39,"column":72},"end":{"line":45,"column":5}}},"1":{"name":"(anonymous_2)","decl":{"start":{"line":57,"column":11},"end":{"line":57,"column":13}},"loc":{"start":{"line":57,"column":34},"end":{"line":66,"column":5}}},"2":{"name":"(anonymous_3)","decl":{"start":{"line":72,"column":11},"end":{"line":72,"column":14}},"loc":{"start":{"line":72,"column":15},"end":{"line":80,"column":5}}},"3":{"name":"(anonymous_4)","decl":{"start":{"line":87,"column":12},"end":{"line":87,"column":27}},"loc":{"start":{"line":87,"column":39},"end":{"line":91,"column":5}}},"4":{"name":"(anonymous_5)","decl":{"start":{"line":96,"column":12},"end":{"line":96,"column":27}},"loc":{"start":{"line":96,"column":28},"end":{"line":105,"column":5}}},"5":{"name":"(anonymous_6)","decl":{"start":{"line":110,"column":12},"end":{"line":110,"column":21}},"loc":{"start":{"line":110,"column":22},"end":{"line":115,"column":5}}},"6":{"name":"(anonymous_7)","decl":{"start":{"line":121,"column":12},"end":{"line":121,"column":34}},"loc":{"start":{"line":121,"column":35},"end":{"line":126,"column":5}}},"7":{"name":"(anonymous_8)","decl":{"start":{"line":131,"column":12},"end":{"line":131,"column":34}},"loc":{"start":{"line":131,"column":35},"end":{"line":138,"column":5}}},"8":{"name":"(anonymous_9)","decl":{"start":{"line":143,"column":12},"end":{"line":143,"column":29}},"loc":{"start":{"line":143,"column":30},"end":{"line":148,"column":5}}},"9":{"name":"(anonymous_10)","decl":{"start":{"line":152,"column":12},"end":{"line":152,"column":19}},"loc":{"start":{"line":152,"column":20},"end":{"line":158,"column":5}}},"10":{"name":"(anonymous_11)","decl":{"start":{"line":163,"column":12},"end":{"line":163,"column":24}},"loc":{"start":{"line":163,"column":25},"end":{"line":169,"column":5}}},"11":{"name":"(anonymous_12)","decl":{"start":{"line":174,"column":12},"end":{"line":174,"column":19}},"loc":{"start":{"line":174,"column":20},"end":{"line":180,"column":5}}}},"branchMap":{"0":{"loc":{"start":{"line":42,"column":60},"end":{"line":42,"column":64}},"type":"cond-expr","locations":[{"start":{"line":42,"column":60},"end":{"line":42,"column":64}},{"start":{"line":42,"column":67},"end":{"line":42,"column":71}}]},"1":{"loc":{"start":{"line":42,"column":21},"end":{"line":42,"column":34}},"type":"binary-expr","locations":[{"start":{"line":42,"column":21},"end":{"line":42,"column":34}},{"start":{"line":42,"column":38},"end":{"line":42,"column":56}}]},"2":{"loc":{"start":{"line":43,"column":60},"end":{"line":43,"column":64}},"type":"cond-expr","locations":[{"start":{"line":43,"column":60},"end":{"line":43,"column":64}},{"start":{"line":43,"column":67},"end":{"line":43,"column":71}}]},"3":{"loc":{"start":{"line":43,"column":21},"end":{"line":43,"column":34}},"type":"binary-expr","locations":[{"start":{"line":43,"column":21},"end":{"line":43,"column":34}},{"start":{"line":43,"column":38},"end":{"line":43,"column":56}}]},"4":{"loc":{"start":{"line":44,"column":75},"end":{"line":44,"column":84}},"type":"cond-expr","locations":[{"start":{"line":44,"column":75},"end":{"line":44,"column":84}},{"start":{"line":44,"column":87},"end":{"line":44,"column":91}}]},"5":{"loc":{"start":{"line":44,"column":26},"end":{"line":44,"column":44}},"type":"binary-expr","locations":[{"start":{"line":44,"column":26},"end":{"line":44,"column":44}},{"start":{"line":44,"column":48},"end":{"line":44,"column":71}}]},"6":{"loc":{"start":{"line":58,"column":8},"end":{"line":63,"column":9}},"type":"if","locations":[{"start":{"line":58,"column":8},"end":{"line":63,"column":9}},{"start":{"line":58,"column":8},"end":{"line":63,"column":9}}]},"7":{"loc":{"start":{"line":73,"column":8},"end":{"line":77,"column":9}},"type":"if","locations":[{"start":{"line":73,"column":8},"end":{"line":77,"column":9}},{"start":{"line":73,"column":8},"end":{"line":77,"column":9}}]},"8":{"loc":{"start":{"line":97,"column":8},"end":{"line":102,"column":9}},"type":"if","locations":[{"start":{"line":97,"column":8},"end":{"line":102,"column":9}},{"start":{"line":97,"column":8},"end":{"line":102,"column":9}}]},"9":{"loc":{"start":{"line":112,"column":51},"end":{"line":112,"column":54}},"type":"cond-expr","locations":[{"start":{"line":112,"column":51},"end":{"line":112,"column":54}},{"start":{"line":112,"column":57},"end":{"line":112,"column":61}}]},"10":{"loc":{"start":{"line":133,"column":59},"end":{"line":133,"column":62}},"type":"cond-expr","locations":[{"start":{"line":133,"column":59},"end":{"line":133,"column":62}},{"start":{"line":133,"column":65},"end":{"line":133,"column":67}}]},"11":{"loc":{"start":{"line":133,"column":22},"end":{"line":133,"column":39}},"type":"binary-expr","locations":[{"start":{"line":133,"column":22},"end":{"line":133,"column":39}},{"start":{"line":133,"column":43},"end":{"line":133,"column":55}}]},"12":{"loc":{"start":{"line":153,"column":8},"end":{"line":155,"column":9}},"type":"if","locations":[{"start":{"line":153,"column":8},"end":{"line":155,"column":9}},{"start":{"line":153,"column":8},"end":{"line":155,"column":9}}]},"13":{"loc":{"start":{"line":164,"column":8},"end":{"line":166,"column":9}},"type":"if","locations":[{"start":{"line":164,"column":8},"end":{"line":166,"column":9}},{"start":{"line":164,"column":8},"end":{"line":166,"column":9}}]},"14":{"loc":{"start":{"line":164,"column":12},"end":{"line":164,"column":35}},"type":"binary-expr","locations":[{"start":{"line":164,"column":12},"end":{"line":164,"column":35}},{"start":{"line":164,"column":39},"end":{"line":164,"column":62}}]},"15":{"loc":{"start":{"line":175,"column":8},"end":{"line":177,"column":9}},"type":"if","locations":[{"start":{"line":175,"column":8},"end":{"line":177,"column":9}},{"start":{"line":175,"column":8},"end":{"line":177,"column":9}}]}},"s":{"0":1,"1":1,"2":1,"3":1,"4":1,"5":1,"6":1,"7":1,"8":1,"9":1,"10":1,"11":1,"12":1,"13":0,"14":1,"15":1,"16":1,"17":1,"18":1,"19":1,"20":0,"21":0,"22":2,"23":1,"24":1,"25":1,"26":2,"27":2,"28":2,"29":2,"30":1,"31":1,"32":1,"33":2,"34":2,"35":2,"36":2,"37":1,"38":1,"39":1,"40":1,"41":0,"42":1,"43":1,"44":0,"45":1,"46":1,"47":0,"48":1,"49":1,"50":1},"f":{"0":1,"1":1,"2":1,"3":0,"4":2,"5":2,"6":1,"7":2,"8":1,"9":1,"10":1,"11":1},"b":{"0":[0,1],"1":[1,1],"2":[0,1],"3":[1,1],"4":[0,1],"5":[1,1],"6":[1,0],"7":[1,0],"8":[1,1],"9":[1,1],"10":[1,1],"11":[2,2],"12":[0,1],"13":[0,1],"14":[1,0],"15":[0,1]}}
}
