TN:
SF:/home/farm/Documents/node-sandwich-stream/src/sandwich-stream.ts
FN:39,(anonymous_1)
FN:57,(anonymous_2)
FN:72,(anonymous_3)
FN:87,(anonymous_4)
FN:96,(anonymous_5)
FN:110,(anonymous_6)
FN:121,(anonymous_7)
FN:131,(anonymous_8)
FN:143,(anonymous_9)
FN:152,(anonymous_10)
FN:163,(anonymous_11)
FN:174,(anonymous_12)
FNF:12
FNH:11
FNDA:1,(anonymous_1)
FNDA:1,(anonymous_2)
FNDA:1,(anonymous_3)
FNDA:0,(anonymous_4)
FNDA:2,(anonymous_5)
FNDA:2,(anonymous_6)
FNDA:1,(anonymous_7)
FNDA:2,(anonymous_8)
FNDA:1,(anonymous_9)
FNDA:1,(anonymous_10)
FNDA:1,(anonymous_11)
FNDA:1,(anonymous_12)
DA:1,1
DA:16,1
DA:17,1
DA:18,1
DA:22,1
DA:39,1
DA:40,1
DA:42,1
DA:43,1
DA:44,1
DA:58,1
DA:59,1
DA:60,1
DA:62,0
DA:65,1
DA:73,1
DA:74,1
DA:75,1
DA:76,1
DA:79,1
DA:88,0
DA:90,0
DA:97,2
DA:98,1
DA:100,1
DA:101,1
DA:104,2
DA:111,2
DA:112,2
DA:114,2
DA:122,1
DA:123,1
DA:125,1
DA:132,2
DA:133,2
DA:135,2
DA:137,2
DA:144,1
DA:145,1
DA:147,1
DA:153,1
DA:154,0
DA:157,1
DA:164,1
DA:165,0
DA:168,1
DA:175,1
DA:176,0
DA:179,1
DA:183,1
LF:50
LH:44
BRDA:42,0,0,0
BRDA:42,0,1,1
BRDA:42,1,0,1
BRDA:42,1,1,1
BRDA:43,2,0,0
BRDA:43,2,1,1
BRDA:43,3,0,1
BRDA:43,3,1,1
BRDA:44,4,0,0
BRDA:44,4,1,1
BRDA:44,5,0,1
BRDA:44,5,1,1
BRDA:58,6,0,1
BRDA:58,6,1,0
BRDA:73,7,0,1
BRDA:73,7,1,0
BRDA:97,8,0,1
BRDA:97,8,1,1
BRDA:112,9,0,1
BRDA:112,9,1,1
BRDA:133,10,0,1
BRDA:133,10,1,1
BRDA:133,11,0,2
BRDA:133,11,1,2
BRDA:153,12,0,0
BRDA:153,12,1,1
BRDA:164,13,0,0
BRDA:164,13,1,1
BRDA:164,14,0,1
BRDA:164,14,1,0
BRDA:175,15,0,0
BRDA:175,15,1,1
BRF:32
BRH:23
end_of_record
